# JRE version: OpenJDK Runtime Environment Temurin-21.0.8+9 (21.0.8+9) (build 21.0.8+9-LTS)
# Java VM: OpenJDK 64-Bit Server VM Temurin-21.0.8+9 (21.0.8+9-LTS, mixed mode, sharing, tiered, compressed oops, compressed class ptrs, parallel gc, windows-amd64)
GC Precious Log:
 CardTable entry size: 512
 CPUs: 12 total, 12 available
 Memory: 5845M
 Large Page Support: Disabled
 NUMA Support: Disabled
 Compressed Oops: Enabled (32-bit)
 Alignments: Space 512K, Generation 512K, Heap 2M
 Heap Min Capacity: 100M
 Heap Initial Capacity: 100M
 Heap Max Capacity: 2G
 Pre-touch: Disabled
 Parallel Workers: 10
Heap:
 PSYoungGen      total 4096K, used 1449K [0x00000000d5580000, 0x00000000d5a00000, 0x0000000100000000)
  eden space 3072K, 34% used [0x00000000d5580000,0x00000000d56872f8,0x00000000d5880000)
  from space 1024K, 38% used [0x00000000d5880000,0x00000000d58e3428,0x00000000d5980000)
  to   space 512K, 0% used [0x00000000d5980000,0x00000000d5980000,0x00000000d5a00000)
 ParOldGen       total 204800K, used 204627K [0x0000000080000000, 0x000000008c800000, 0x00000000d5580000)
  object space 204800K, 99% used [0x0000000080000000,0x000000008c7d4d38,0x000000008c800000)
 Metaspace       used 71813K, committed 73408K, reserved 1114112K
  class space    used 7558K, committed 8256K, reserved 1048576K
GC Heap History (20 events):
Event: 608.864 GC heap before
{Heap before GC invocations=193 (full 3):
 PSYoungGen      total 3584K, used 3583K [0x00000000d5580000, 0x00000000d5a80000, 0x0000000100000000)
  eden space 3072K, 99% used [0x00000000d5580000,0x00000000d587fff0,0x00000000d5880000)
  from space 512K, 100% used [0x00000000d5900000,0x00000000d5980000,0x00000000d5980000)
  to   space 1024K, 0% used [0x00000000d5980000,0x00000000d5980000,0x00000000d5a80000)
 ParOldGen       total 201216K, used 200751K [0x0000000080000000, 0x000000008c480000, 0x00000000d5580000)
  object space 201216K, 99% used [0x0000000080000000,0x000000008c40bce0,0x000000008c480000)
 Metaspace       used 70960K, committed 72640K, reserved 1114112K
  class space    used 7491K, committed 8256K, reserved 1048576K
}
Event: 608.931 GC heap after
{Heap after GC invocations=193 (full 3):
 PSYoungGen      total 4096K, used 640K [0x00000000d5580000, 0x00000000d5a80000, 0x0000000100000000)
  eden space 3072K, 0% used [0x00000000d5580000,0x00000000d5580000,0x00000000d5880000)
  from space 1024K, 62% used [0x00000000d5980000,0x00000000d5a20000,0x00000000d5a80000)
  to   space 1024K, 0% used [0x00000000d5880000,0x00000000d5880000,0x00000000d5980000)
 ParOldGen       total 201216K, used 201159K [0x0000000080000000, 0x000000008c480000, 0x00000000d5580000)
  object space 201216K, 99% used [0x0000000080000000,0x000000008c471cf0,0x000000008c480000)
 Metaspace       used 70960K, committed 72640K, reserved 1114112K
  class space    used 7491K, committed 8256K, reserved 1048576K
}
Event: 611.719 GC heap before
{Heap before GC invocations=194 (full 3):
 PSYoungGen      total 4096K, used 3712K [0x00000000d5580000, 0x00000000d5a80000, 0x0000000100000000)
  eden space 3072K, 100% used [0x00000000d5580000,0x00000000d5880000,0x00000000d5880000)
  from space 1024K, 62% used [0x00000000d5980000,0x00000000d5a20000,0x00000000d5a80000)
  to   space 1024K, 0% used [0x00000000d5880000,0x00000000d5880000,0x00000000d5980000)
 ParOldGen       total 201216K, used 201159K [0x0000000080000000, 0x000000008c480000, 0x00000000d5580000)
  object space 201216K, 99% used [0x0000000080000000,0x000000008c471cf0,0x000000008c480000)
 Metaspace       used 70974K, committed 72640K, reserved 1114112K
  class space    used 7491K, committed 8256K, reserved 1048576K
}
Event: 611.724 GC heap after
{Heap after GC invocations=194 (full 3):
 PSYoungGen      total 4096K, used 410K [0x00000000d5580000, 0x00000000d5a00000, 0x0000000100000000)
  eden space 3072K, 0% used [0x00000000d5580000,0x00000000d5580000,0x00000000d5880000)
  from space 1024K, 40% used [0x00000000d5880000,0x00000000d58e6920,0x00000000d5980000)
  to   space 512K, 0% used [0x00000000d5980000,0x00000000d5980000,0x00000000d5a00000)
 ParOldGen       total 201728K, used 201575K [0x0000000080000000, 0x000000008c500000, 0x00000000d5580000)
  object space 201728K, 99% used [0x0000000080000000,0x000000008c4d9fa8,0x000000008c500000)
 Metaspace       used 70974K, committed 72640K, reserved 1114112K
  class space    used 7491K, committed 8256K, reserved 1048576K
}
Event: 611.874 GC heap before
{Heap before GC invocations=195 (full 3):
 PSYoungGen      total 4096K, used 3482K [0x00000000d5580000, 0x00000000d5a00000, 0x0000000100000000)
  eden space 3072K, 100% used [0x00000000d5580000,0x00000000d5880000,0x00000000d5880000)
  from space 1024K, 40% used [0x00000000d5880000,0x00000000d58e6920,0x00000000d5980000)
  to   space 512K, 0% used [0x00000000d5980000,0x00000000d5980000,0x00000000d5a00000)
 ParOldGen       total 201728K, used 201575K [0x0000000080000000, 0x000000008c500000, 0x00000000d5580000)
  object space 201728K, 99% used [0x0000000080000000,0x000000008c4d9fa8,0x000000008c500000)
 Metaspace       used 70986K, committed 72640K, reserved 1114112K
  class space    used 7491K, committed 8256K, reserved 1048576K
}
Event: 611.879 GC heap after
{Heap after GC invocations=195 (full 3):
 PSYoungGen      total 3584K, used 496K [0x00000000d5580000, 0x00000000d5a80000, 0x0000000100000000)
  eden space 3072K, 0% used [0x00000000d5580000,0x00000000d5580000,0x00000000d5880000)
  from space 512K, 96% used [0x00000000d5980000,0x00000000d59fc010,0x00000000d5a00000)
  to   space 1024K, 0% used [0x00000000d5880000,0x00000000d5880000,0x00000000d5980000)
 ParOldGen       total 202240K, used 201873K [0x0000000080000000, 0x000000008c580000, 0x00000000d5580000)
  object space 202240K, 99% used [0x0000000080000000,0x000000008c524450,0x000000008c580000)
 Metaspace       used 70986K, committed 72640K, reserved 1114112K
  class space    used 7491K, committed 8256K, reserved 1048576K
}
Event: 611.971 GC heap before
{Heap before GC invocations=196 (full 3):
 PSYoungGen      total 3584K, used 3568K [0x00000000d5580000, 0x00000000d5a80000, 0x0000000100000000)
  eden space 3072K, 100% used [0x00000000d5580000,0x00000000d5880000,0x00000000d5880000)
  from space 512K, 96% used [0x00000000d5980000,0x00000000d59fc010,0x00000000d5a00000)
  to   space 1024K, 0% used [0x00000000d5880000,0x00000000d5880000,0x00000000d5980000)
 ParOldGen       total 202240K, used 201873K [0x0000000080000000, 0x000000008c580000, 0x00000000d5580000)
  object space 202240K, 99% used [0x0000000080000000,0x000000008c524450,0x000000008c580000)
 Metaspace       used 71053K, committed 72704K, reserved 1114112K
  class space    used 7491K, committed 8256K, reserved 1048576K
}
Event: 611.976 GC heap after
{Heap after GC invocations=196 (full 3):
 PSYoungGen      total 4096K, used 720K [0x00000000d5580000, 0x00000000d5a80000, 0x0000000100000000)
  eden space 3072K, 0% used [0x00000000d5580000,0x00000000d5580000,0x00000000d5880000)
  from space 1024K, 70% used [0x00000000d5880000,0x00000000d5934010,0x00000000d5980000)
  to   space 1024K, 0% used [0x00000000d5980000,0x00000000d5980000,0x00000000d5a80000)
 ParOldGen       total 202752K, used 202273K [0x0000000080000000, 0x000000008c600000, 0x00000000d5580000)
  object space 202752K, 99% used [0x0000000080000000,0x000000008c588460,0x000000008c600000)
 Metaspace       used 71053K, committed 72704K, reserved 1114112K
  class space    used 7491K, committed 8256K, reserved 1048576K
}
Event: 942.617 GC heap before
{Heap before GC invocations=197 (full 3):
 PSYoungGen      total 4096K, used 3792K [0x00000000d5580000, 0x00000000d5a80000, 0x0000000100000000)
  eden space 3072K, 100% used [0x00000000d5580000,0x00000000d5880000,0x00000000d5880000)
  from space 1024K, 70% used [0x00000000d5880000,0x00000000d5934010,0x00000000d5980000)
  to   space 1024K, 0% used [0x00000000d5980000,0x00000000d5980000,0x00000000d5a80000)
 ParOldGen       total 202752K, used 202273K [0x0000000080000000, 0x000000008c600000, 0x00000000d5580000)
  object space 202752K, 99% used [0x0000000080000000,0x000000008c588460,0x000000008c600000)
 Metaspace       used 71084K, committed 72768K, reserved 1114112K
  class space    used 7491K, committed 8256K, reserved 1048576K
}
Event: 942.687 GC heap after
{Heap after GC invocations=197 (full 3):
 PSYoungGen      total 4096K, used 544K [0x00000000d5580000, 0x00000000d5a80000, 0x0000000100000000)
  eden space 3072K, 0% used [0x00000000d5580000,0x00000000d5580000,0x00000000d5880000)
  from space 1024K, 53% used [0x00000000d5980000,0x00000000d5a08000,0x00000000d5a80000)
  to   space 1024K, 0% used [0x00000000d5880000,0x00000000d5880000,0x00000000d5980000)
 ParOldGen       total 203264K, used 202781K [0x0000000080000000, 0x000000008c680000, 0x00000000d5580000)
  object space 203264K, 99% used [0x0000000080000000,0x000000008c607670,0x000000008c680000)
 Metaspace       used 71084K, committed 72768K, reserved 1114112K
  class space    used 7491K, committed 8256K, reserved 1048576K
}
Event: 1005.156 GC heap before
{Heap before GC invocations=198 (full 3):
 PSYoungGen      total 4096K, used 3615K [0x00000000d5580000, 0x00000000d5a80000, 0x0000000100000000)
  eden space 3072K, 99% used [0x00000000d5580000,0x00000000d587ffd0,0x00000000d5880000)
  from space 1024K, 53% used [0x00000000d5980000,0x00000000d5a08000,0x00000000d5a80000)
  to   space 1024K, 0% used [0x00000000d5880000,0x00000000d5880000,0x00000000d5980000)
 ParOldGen       total 203264K, used 202781K [0x0000000080000000, 0x000000008c680000, 0x00000000d5580000)
  object space 203264K, 99% used [0x0000000080000000,0x000000008c607670,0x000000008c680000)
 Metaspace       used 71089K, committed 72768K, reserved 1114112K
  class space    used 7491K, committed 8256K, reserved 1048576K
}
Event: 1005.193 GC heap after
{Heap after GC invocations=198 (full 3):
 PSYoungGen      total 4096K, used 378K [0x00000000d5580000, 0x00000000d5a00000, 0x0000000100000000)
  eden space 3072K, 0% used [0x00000000d5580000,0x00000000d5580000,0x00000000d5880000)
  from space 1024K, 36% used [0x00000000d5880000,0x00000000d58de920,0x00000000d5980000)
  to   space 512K, 0% used [0x00000000d5980000,0x00000000d5980000,0x00000000d5a00000)
 ParOldGen       total 203264K, used 203045K [0x0000000080000000, 0x000000008c680000, 0x00000000d5580000)
  object space 203264K, 99% used [0x0000000080000000,0x000000008c649670,0x000000008c680000)
 Metaspace       used 71089K, committed 72768K, reserved 1114112K
  class space    used 7491K, committed 8256K, reserved 1048576K
}
Event: 1005.445 GC heap before
{Heap before GC invocations=199 (full 3):
 PSYoungGen      total 4096K, used 3450K [0x00000000d5580000, 0x00000000d5a00000, 0x0000000100000000)
  eden space 3072K, 100% used [0x00000000d5580000,0x00000000d5880000,0x00000000d5880000)
  from space 1024K, 36% used [0x00000000d5880000,0x00000000d58de920,0x00000000d5980000)
  to   space 512K, 0% used [0x00000000d5980000,0x00000000d5980000,0x00000000d5a00000)
 ParOldGen       total 203264K, used 203045K [0x0000000080000000, 0x000000008c680000, 0x00000000d5580000)
  object space 203264K, 99% used [0x0000000080000000,0x000000008c649670,0x000000008c680000)
 Metaspace       used 71127K, committed 72768K, reserved 1114112K
  class space    used 7491K, committed 8256K, reserved 1048576K
}
Event: 1005.448 GC heap after
{Heap after GC invocations=199 (full 3):
 PSYoungGen      total 3584K, used 512K [0x00000000d5580000, 0x00000000d5a80000, 0x0000000100000000)
  eden space 3072K, 0% used [0x00000000d5580000,0x00000000d5580000,0x00000000d5880000)
  from space 512K, 100% used [0x00000000d5980000,0x00000000d5a00000,0x00000000d5a00000)
  to   space 1024K, 0% used [0x00000000d5880000,0x00000000d5880000,0x00000000d5980000)
 ParOldGen       total 203776K, used 203382K [0x0000000080000000, 0x000000008c700000, 0x00000000d5580000)
  object space 203776K, 99% used [0x0000000080000000,0x000000008c69daa0,0x000000008c700000)
 Metaspace       used 71127K, committed 72768K, reserved 1114112K
  class space    used 7491K, committed 8256K, reserved 1048576K
}
Event: 1005.476 GC heap before
{Heap before GC invocations=200 (full 3):
 PSYoungGen      total 3584K, used 3584K [0x00000000d5580000, 0x00000000d5a80000, 0x0000000100000000)
  eden space 3072K, 100% used [0x00000000d5580000,0x00000000d5880000,0x00000000d5880000)
  from space 512K, 100% used [0x00000000d5980000,0x00000000d5a00000,0x00000000d5a00000)
  to   space 1024K, 0% used [0x00000000d5880000,0x00000000d5880000,0x00000000d5980000)
 ParOldGen       total 203776K, used 203382K [0x0000000080000000, 0x000000008c700000, 0x00000000d5580000)
  object space 203776K, 99% used [0x0000000080000000,0x000000008c69daa0,0x000000008c700000)
 Metaspace       used 71127K, committed 72768K, reserved 1114112K
  class space    used 7491K, committed 8256K, reserved 1048576K
}
Event: 1005.479 GC heap after
{Heap after GC invocations=200 (full 3):
 PSYoungGen      total 4096K, used 656K [0x00000000d5580000, 0x00000000d5a80000, 0x0000000100000000)
  eden space 3072K, 0% used [0x00000000d5580000,0x00000000d5580000,0x00000000d5880000)
  from space 1024K, 64% used [0x00000000d5880000,0x00000000d5924010,0x00000000d5980000)
  to   space 1024K, 0% used [0x00000000d5980000,0x00000000d5980000,0x00000000d5a80000)
 ParOldGen       total 204288K, used 203875K [0x0000000080000000, 0x000000008c780000, 0x00000000d5580000)
  object space 204288K, 99% used [0x0000000080000000,0x000000008c718d28,0x000000008c780000)
 Metaspace       used 71127K, committed 72768K, reserved 1114112K
  class space    used 7491K, committed 8256K, reserved 1048576K
}
Event: 1683.425 GC heap before
{Heap before GC invocations=201 (full 3):
 PSYoungGen      total 4096K, used 3728K [0x00000000d5580000, 0x00000000d5a80000, 0x0000000100000000)
  eden space 3072K, 100% used [0x00000000d5580000,0x00000000d5880000,0x00000000d5880000)
  from space 1024K, 64% used [0x00000000d5880000,0x00000000d5924010,0x00000000d5980000)
  to   space 1024K, 0% used [0x00000000d5980000,0x00000000d5980000,0x00000000d5a80000)
 ParOldGen       total 204288K, used 203875K [0x0000000080000000, 0x000000008c780000, 0x00000000d5580000)
  object space 204288K, 99% used [0x0000000080000000,0x000000008c718d28,0x000000008c780000)
 Metaspace       used 71410K, committed 73088K, reserved 1114112K
  class space    used 7515K, committed 8256K, reserved 1048576K
}
Event: 1683.478 GC heap after
{Heap after GC invocations=201 (full 3):
 PSYoungGen      total 4096K, used 480K [0x00000000d5580000, 0x00000000d5a80000, 0x0000000100000000)
  eden space 3072K, 0% used [0x00000000d5580000,0x00000000d5580000,0x00000000d5880000)
  from space 1024K, 46% used [0x00000000d5980000,0x00000000d59f8000,0x00000000d5a80000)
  to   space 1024K, 0% used [0x00000000d5880000,0x00000000d5880000,0x00000000d5980000)
 ParOldGen       total 204800K, used 204355K [0x0000000080000000, 0x000000008c800000, 0x00000000d5580000)
  object space 204800K, 99% used [0x0000000080000000,0x000000008c790d38,0x000000008c800000)
 Metaspace       used 71410K, committed 73088K, reserved 1114112K
  class space    used 7515K, committed 8256K, reserved 1048576K
}
Event: 1683.865 GC heap before
{Heap before GC invocations=202 (full 3):
 PSYoungGen      total 4096K, used 3526K [0x00000000d5580000, 0x00000000d5a80000, 0x0000000100000000)
  eden space 3072K, 99% used [0x00000000d5580000,0x00000000d5879bb0,0x00000000d5880000)
  from space 1024K, 46% used [0x00000000d5980000,0x00000000d59f8000,0x00000000d5a80000)
  to   space 1024K, 0% used [0x00000000d5880000,0x00000000d5880000,0x00000000d5980000)
 ParOldGen       total 204800K, used 204355K [0x0000000080000000, 0x000000008c800000, 0x00000000d5580000)
  object space 204800K, 99% used [0x0000000080000000,0x000000008c790d38,0x000000008c800000)
 Metaspace       used 71717K, committed 73344K, reserved 1114112K
  class space    used 7548K, committed 8256K, reserved 1048576K
}
Event: 1683.870 GC heap after
{Heap after GC invocations=202 (full 3):
 PSYoungGen      total 4096K, used 397K [0x00000000d5580000, 0x00000000d5a00000, 0x0000000100000000)
  eden space 3072K, 0% used [0x00000000d5580000,0x00000000d5580000,0x00000000d5880000)
  from space 1024K, 38% used [0x00000000d5880000,0x00000000d58e3428,0x00000000d5980000)
  to   space 512K, 0% used [0x00000000d5980000,0x00000000d5980000,0x00000000d5a00000)
 ParOldGen       total 204800K, used 204627K [0x0000000080000000, 0x000000008c800000, 0x00000000d5580000)
  object space 204800K, 99% used [0x0000000080000000,0x000000008c7d4d38,0x000000008c800000)
 Metaspace       used 71717K, committed 73344K, reserved 1114112K
  class space    used 7548K, committed 8256K, reserved 1048576K
}

