# JRE version: OpenJDK Runtime Environment Temurin-21.0.8+9 (21.0.8+9) (build 21.0.8+9-LTS)
# Java VM: OpenJDK 64-Bit Server VM Temurin-21.0.8+9 (21.0.8+9-LTS, mixed mode, sharing, tiered, compressed oops, compressed class ptrs, parallel gc, windows-amd64)
GC Precious Log:
 CardTable entry size: 512
 CPUs: 12 total, 12 available
 Memory: 5845M
 Large Page Support: Disabled
 NUMA Support: Disabled
 Compressed Oops: Enabled (32-bit)
 Alignments: Space 512K, Generation 512K, Heap 2M
 Heap Min Capacity: 100M
 Heap Initial Capacity: 100M
 Heap Max Capacity: 2G
 Pre-touch: Disabled
 Parallel Workers: 10
Heap:
 PSYoungGen      total 17408K, used 11183K [0x00000000d5580000, 0x00000000d6800000, 0x0000000100000000)
  eden space 15872K, 66% used [0x00000000d5580000,0x00000000d5fdbc88,0x00000000d6500000)
  from space 1536K, 37% used [0x00000000d6580000,0x00000000d6610000,0x00000000d6700000)
  to   space 1024K, 0% used [0x00000000d6700000,0x00000000d6700000,0x00000000d6800000)
 ParOldGen       total 68608K, used 51577K [0x0000000080000000, 0x0000000084300000, 0x00000000d5580000)
  object space 68608K, 75% used [0x0000000080000000,0x000000008325e5f8,0x0000000084300000)
 Metaspace       used 56559K, committed 57984K, reserved 1114112K
  class space    used 6143K, committed 6720K, reserved 1048576K
GC Heap History (20 events):
Event: 9.441 GC heap before
{Heap before GC invocations=30 (full 2):
 PSYoungGen      total 19968K, used 19556K [0x00000000d5580000, 0x00000000d6b80000, 0x0000000100000000)
  eden space 17408K, 100% used [0x00000000d5580000,0x00000000d6680000,0x00000000d6680000)
  from space 2560K, 83% used [0x00000000d6680000,0x00000000d6899000,0x00000000d6900000)
  to   space 2560K, 0% used [0x00000000d6900000,0x00000000d6900000,0x00000000d6b80000)
 ParOldGen       total 68608K, used 41311K [0x0000000080000000, 0x0000000084300000, 0x00000000d5580000)
  object space 68608K, 60% used [0x0000000080000000,0x0000000082857d60,0x0000000084300000)
 Metaspace       used 48702K, committed 50048K, reserved 1114112K
  class space    used 5327K, committed 5888K, reserved 1048576K
}
Event: 9.444 GC heap after
{Heap after GC invocations=30 (full 2):
 PSYoungGen      total 19456K, used 1888K [0x00000000d5580000, 0x00000000d6b00000, 0x0000000100000000)
  eden space 17408K, 0% used [0x00000000d5580000,0x00000000d5580000,0x00000000d6680000)
  from space 2048K, 92% used [0x00000000d6900000,0x00000000d6ad8000,0x00000000d6b00000)
  to   space 2048K, 0% used [0x00000000d6700000,0x00000000d6700000,0x00000000d6900000)
 ParOldGen       total 68608K, used 43347K [0x0000000080000000, 0x0000000084300000, 0x00000000d5580000)
  object space 68608K, 63% used [0x0000000080000000,0x0000000082a54d38,0x0000000084300000)
 Metaspace       used 48702K, committed 50048K, reserved 1114112K
  class space    used 5327K, committed 5888K, reserved 1048576K
}
Event: 9.567 GC heap before
{Heap before GC invocations=31 (full 2):
 PSYoungGen      total 19456K, used 19296K [0x00000000d5580000, 0x00000000d6b00000, 0x0000000100000000)
  eden space 17408K, 100% used [0x00000000d5580000,0x00000000d6680000,0x00000000d6680000)
  from space 2048K, 92% used [0x00000000d6900000,0x00000000d6ad8000,0x00000000d6b00000)
  to   space 2048K, 0% used [0x00000000d6700000,0x00000000d6700000,0x00000000d6900000)
 ParOldGen       total 68608K, used 43347K [0x0000000080000000, 0x0000000084300000, 0x00000000d5580000)
  object space 68608K, 63% used [0x0000000080000000,0x0000000082a54d38,0x0000000084300000)
 Metaspace       used 48730K, committed 50048K, reserved 1114112K
  class space    used 5328K, committed 5888K, reserved 1048576K
}
Event: 9.572 GC heap after
{Heap after GC invocations=31 (full 2):
 PSYoungGen      total 19456K, used 2016K [0x00000000d5580000, 0x00000000d6a80000, 0x0000000100000000)
  eden space 17408K, 0% used [0x00000000d5580000,0x00000000d5580000,0x00000000d6680000)
  from space 2048K, 98% used [0x00000000d6700000,0x00000000d68f8010,0x00000000d6900000)
  to   space 1536K, 0% used [0x00000000d6900000,0x00000000d6900000,0x00000000d6a80000)
 ParOldGen       total 68608K, used 45091K [0x0000000080000000, 0x0000000084300000, 0x00000000d5580000)
  object space 68608K, 65% used [0x0000000080000000,0x0000000082c08d38,0x0000000084300000)
 Metaspace       used 48730K, committed 50048K, reserved 1114112K
  class space    used 5328K, committed 5888K, reserved 1048576K
}
Event: 9.652 GC heap before
{Heap before GC invocations=32 (full 2):
 PSYoungGen      total 19456K, used 19424K [0x00000000d5580000, 0x00000000d6a80000, 0x0000000100000000)
  eden space 17408K, 100% used [0x00000000d5580000,0x00000000d6680000,0x00000000d6680000)
  from space 2048K, 98% used [0x00000000d6700000,0x00000000d68f8010,0x00000000d6900000)
  to   space 1536K, 0% used [0x00000000d6900000,0x00000000d6900000,0x00000000d6a80000)
 ParOldGen       total 68608K, used 45091K [0x0000000080000000, 0x0000000084300000, 0x00000000d5580000)
  object space 68608K, 65% used [0x0000000080000000,0x0000000082c08d38,0x0000000084300000)
 Metaspace       used 48746K, committed 50048K, reserved 1114112K
  class space    used 5328K, committed 5888K, reserved 1048576K
}
Event: 9.656 GC heap after
{Heap after GC invocations=32 (full 2):
 PSYoungGen      total 17408K, used 1528K [0x00000000d5580000, 0x00000000d6e80000, 0x0000000100000000)
  eden space 15872K, 0% used [0x00000000d5580000,0x00000000d5580000,0x00000000d6500000)
  from space 1536K, 99% used [0x00000000d6900000,0x00000000d6a7e200,0x00000000d6a80000)
  to   space 4096K, 0% used [0x00000000d6500000,0x00000000d6500000,0x00000000d6900000)
 ParOldGen       total 68608K, used 47067K [0x0000000080000000, 0x0000000084300000, 0x00000000d5580000)
  object space 68608K, 68% used [0x0000000080000000,0x0000000082df6d48,0x0000000084300000)
 Metaspace       used 48746K, committed 50048K, reserved 1114112K
  class space    used 5328K, committed 5888K, reserved 1048576K
}
Event: 10.104 GC heap before
{Heap before GC invocations=33 (full 2):
 PSYoungGen      total 17408K, used 17400K [0x00000000d5580000, 0x00000000d6e80000, 0x0000000100000000)
  eden space 15872K, 100% used [0x00000000d5580000,0x00000000d6500000,0x00000000d6500000)
  from space 1536K, 99% used [0x00000000d6900000,0x00000000d6a7e200,0x00000000d6a80000)
  to   space 4096K, 0% used [0x00000000d6500000,0x00000000d6500000,0x00000000d6900000)
 ParOldGen       total 68608K, used 47067K [0x0000000080000000, 0x0000000084300000, 0x00000000d5580000)
  object space 68608K, 68% used [0x0000000080000000,0x0000000082df6d48,0x0000000084300000)
 Metaspace       used 50839K, committed 52160K, reserved 1114112K
  class space    used 5571K, committed 6144K, reserved 1048576K
}
Event: 10.107 GC heap after
{Heap after GC invocations=33 (full 2):
 PSYoungGen      total 16896K, used 901K [0x00000000d5580000, 0x00000000d6980000, 0x0000000100000000)
  eden space 15872K, 0% used [0x00000000d5580000,0x00000000d5580000,0x00000000d6500000)
  from space 1024K, 88% used [0x00000000d6500000,0x00000000d65e1568,0x00000000d6600000)
  to   space 2048K, 0% used [0x00000000d6780000,0x00000000d6780000,0x00000000d6980000)
 ParOldGen       total 68608K, used 48632K [0x0000000080000000, 0x0000000084300000, 0x00000000d5580000)
  object space 68608K, 70% used [0x0000000080000000,0x0000000082f7e2a0,0x0000000084300000)
 Metaspace       used 50839K, committed 52160K, reserved 1114112K
  class space    used 5571K, committed 6144K, reserved 1048576K
}
Event: 10.565 GC heap before
{Heap before GC invocations=34 (full 2):
 PSYoungGen      total 16896K, used 16773K [0x00000000d5580000, 0x00000000d6980000, 0x0000000100000000)
  eden space 15872K, 100% used [0x00000000d5580000,0x00000000d6500000,0x00000000d6500000)
  from space 1024K, 88% used [0x00000000d6500000,0x00000000d65e1568,0x00000000d6600000)
  to   space 2048K, 0% used [0x00000000d6780000,0x00000000d6780000,0x00000000d6980000)
 ParOldGen       total 68608K, used 48632K [0x0000000080000000, 0x0000000084300000, 0x00000000d5580000)
  object space 68608K, 70% used [0x0000000080000000,0x0000000082f7e2a0,0x0000000084300000)
 Metaspace       used 51525K, committed 52928K, reserved 1114112K
  class space    used 5655K, committed 6272K, reserved 1048576K
}
Event: 10.567 GC heap after
{Heap after GC invocations=34 (full 2):
 PSYoungGen      total 16384K, used 288K [0x00000000d5580000, 0x00000000d6800000, 0x0000000100000000)
  eden space 15872K, 0% used [0x00000000d5580000,0x00000000d5580000,0x00000000d6500000)
  from space 512K, 56% used [0x00000000d6780000,0x00000000d67c8000,0x00000000d6800000)
  to   space 1024K, 0% used [0x00000000d6600000,0x00000000d6600000,0x00000000d6700000)
 ParOldGen       total 68608K, used 49333K [0x0000000080000000, 0x0000000084300000, 0x00000000d5580000)
  object space 68608K, 71% used [0x0000000080000000,0x000000008302d468,0x0000000084300000)
 Metaspace       used 51525K, committed 52928K, reserved 1114112K
  class space    used 5655K, committed 6272K, reserved 1048576K
}
Event: 10.975 GC heap before
{Heap before GC invocations=35 (full 2):
 PSYoungGen      total 16384K, used 16160K [0x00000000d5580000, 0x00000000d6800000, 0x0000000100000000)
  eden space 15872K, 100% used [0x00000000d5580000,0x00000000d6500000,0x00000000d6500000)
  from space 512K, 56% used [0x00000000d6780000,0x00000000d67c8000,0x00000000d6800000)
  to   space 1024K, 0% used [0x00000000d6600000,0x00000000d6600000,0x00000000d6700000)
 ParOldGen       total 68608K, used 49333K [0x0000000080000000, 0x0000000084300000, 0x00000000d5580000)
  object space 68608K, 71% used [0x0000000080000000,0x000000008302d468,0x0000000084300000)
 Metaspace       used 52568K, committed 54016K, reserved 1114112K
  class space    used 5751K, committed 6400K, reserved 1048576K
}
Event: 10.977 GC heap after
{Heap after GC invocations=35 (full 2):
 PSYoungGen      total 16896K, used 416K [0x00000000d5580000, 0x00000000d6800000, 0x0000000100000000)
  eden space 15872K, 0% used [0x00000000d5580000,0x00000000d5580000,0x00000000d6500000)
  from space 1024K, 40% used [0x00000000d6600000,0x00000000d6668000,0x00000000d6700000)
  to   space 512K, 0% used [0x00000000d6780000,0x00000000d6780000,0x00000000d6800000)
 ParOldGen       total 68608K, used 49533K [0x0000000080000000, 0x0000000084300000, 0x00000000d5580000)
  object space 68608K, 72% used [0x0000000080000000,0x000000008305f468,0x0000000084300000)
 Metaspace       used 52568K, committed 54016K, reserved 1114112K
  class space    used 5751K, committed 6400K, reserved 1048576K
}
Event: 11.498 GC heap before
{Heap before GC invocations=36 (full 2):
 PSYoungGen      total 16896K, used 16288K [0x00000000d5580000, 0x00000000d6800000, 0x0000000100000000)
  eden space 15872K, 100% used [0x00000000d5580000,0x00000000d6500000,0x00000000d6500000)
  from space 1024K, 40% used [0x00000000d6600000,0x00000000d6668000,0x00000000d6700000)
  to   space 512K, 0% used [0x00000000d6780000,0x00000000d6780000,0x00000000d6800000)
 ParOldGen       total 68608K, used 49533K [0x0000000080000000, 0x0000000084300000, 0x00000000d5580000)
  object space 68608K, 72% used [0x0000000080000000,0x000000008305f468,0x0000000084300000)
 Metaspace       used 53994K, committed 55424K, reserved 1114112K
  class space    used 5906K, committed 6528K, reserved 1048576K
}
Event: 11.499 GC heap after
{Heap after GC invocations=36 (full 2):
 PSYoungGen      total 16384K, used 512K [0x00000000d5580000, 0x00000000d6800000, 0x0000000100000000)
  eden space 15872K, 0% used [0x00000000d5580000,0x00000000d5580000,0x00000000d6500000)
  from space 512K, 100% used [0x00000000d6780000,0x00000000d6800000,0x00000000d6800000)
  to   space 1536K, 0% used [0x00000000d6500000,0x00000000d6500000,0x00000000d6680000)
 ParOldGen       total 68608K, used 49961K [0x0000000080000000, 0x0000000084300000, 0x00000000d5580000)
  object space 68608K, 72% used [0x0000000080000000,0x00000000830ca710,0x0000000084300000)
 Metaspace       used 53994K, committed 55424K, reserved 1114112K
  class space    used 5906K, committed 6528K, reserved 1048576K
}
Event: 11.652 GC heap before
{Heap before GC invocations=37 (full 2):
 PSYoungGen      total 16384K, used 16384K [0x00000000d5580000, 0x00000000d6800000, 0x0000000100000000)
  eden space 15872K, 100% used [0x00000000d5580000,0x00000000d6500000,0x00000000d6500000)
  from space 512K, 100% used [0x00000000d6780000,0x00000000d6800000,0x00000000d6800000)
  to   space 1536K, 0% used [0x00000000d6500000,0x00000000d6500000,0x00000000d6680000)
 ParOldGen       total 68608K, used 49961K [0x0000000080000000, 0x0000000084300000, 0x00000000d5580000)
  object space 68608K, 72% used [0x0000000080000000,0x00000000830ca710,0x0000000084300000)
 Metaspace       used 54411K, committed 55808K, reserved 1114112K
  class space    used 5932K, committed 6528K, reserved 1048576K
}
Event: 11.657 GC heap after
{Heap after GC invocations=37 (full 2):
 PSYoungGen      total 17408K, used 1533K [0x00000000d5580000, 0x00000000d6a00000, 0x0000000100000000)
  eden space 15872K, 0% used [0x00000000d5580000,0x00000000d5580000,0x00000000d6500000)
  from space 1536K, 99% used [0x00000000d6500000,0x00000000d667f420,0x00000000d6680000)
  to   space 2560K, 0% used [0x00000000d6780000,0x00000000d6780000,0x00000000d6a00000)
 ParOldGen       total 68608K, used 50721K [0x0000000080000000, 0x0000000084300000, 0x00000000d5580000)
  object space 68608K, 73% used [0x0000000080000000,0x0000000083188458,0x0000000084300000)
 Metaspace       used 54411K, committed 55808K, reserved 1114112K
  class space    used 5932K, committed 6528K, reserved 1048576K
}
Event: 11.719 GC heap before
{Heap before GC invocations=38 (full 2):
 PSYoungGen      total 17408K, used 17405K [0x00000000d5580000, 0x00000000d6a00000, 0x0000000100000000)
  eden space 15872K, 100% used [0x00000000d5580000,0x00000000d6500000,0x00000000d6500000)
  from space 1536K, 99% used [0x00000000d6500000,0x00000000d667f420,0x00000000d6680000)
  to   space 2560K, 0% used [0x00000000d6780000,0x00000000d6780000,0x00000000d6a00000)
 ParOldGen       total 68608K, used 50721K [0x0000000080000000, 0x0000000084300000, 0x00000000d5580000)
  object space 68608K, 73% used [0x0000000080000000,0x0000000083188458,0x0000000084300000)
 Metaspace       used 54416K, committed 55808K, reserved 1114112K
  class space    used 5932K, committed 6528K, reserved 1048576K
}
Event: 11.721 GC heap after
{Heap after GC invocations=38 (full 2):
 PSYoungGen      total 16896K, used 822K [0x00000000d5580000, 0x00000000d6880000, 0x0000000100000000)
  eden space 15872K, 0% used [0x00000000d5580000,0x00000000d5580000,0x00000000d6500000)
  from space 1024K, 80% used [0x00000000d6780000,0x00000000d684dab0,0x00000000d6880000)
  to   space 1536K, 0% used [0x00000000d6580000,0x00000000d6580000,0x00000000d6700000)
 ParOldGen       total 68608K, used 51553K [0x0000000080000000, 0x0000000084300000, 0x00000000d5580000)
  object space 68608K, 75% used [0x0000000080000000,0x00000000832585f8,0x0000000084300000)
 Metaspace       used 54416K, committed 55808K, reserved 1114112K
  class space    used 5932K, committed 6528K, reserved 1048576K
}
Event: 11.939 GC heap before
{Heap before GC invocations=39 (full 2):
 PSYoungGen      total 16896K, used 16694K [0x00000000d5580000, 0x00000000d6880000, 0x0000000100000000)
  eden space 15872K, 100% used [0x00000000d5580000,0x00000000d6500000,0x00000000d6500000)
  from space 1024K, 80% used [0x00000000d6780000,0x00000000d684dab0,0x00000000d6880000)
  to   space 1536K, 0% used [0x00000000d6580000,0x00000000d6580000,0x00000000d6700000)
 ParOldGen       total 68608K, used 51553K [0x0000000080000000, 0x0000000084300000, 0x00000000d5580000)
  object space 68608K, 75% used [0x0000000080000000,0x00000000832585f8,0x0000000084300000)
 Metaspace       used 55690K, committed 57088K, reserved 1114112K
  class space    used 6054K, committed 6656K, reserved 1048576K
}
Event: 11.941 GC heap after
{Heap after GC invocations=39 (full 2):
 PSYoungGen      total 17408K, used 576K [0x00000000d5580000, 0x00000000d6800000, 0x0000000100000000)
  eden space 15872K, 0% used [0x00000000d5580000,0x00000000d5580000,0x00000000d6500000)
  from space 1536K, 37% used [0x00000000d6580000,0x00000000d6610000,0x00000000d6700000)
  to   space 1024K, 0% used [0x00000000d6700000,0x00000000d6700000,0x00000000d6800000)
 ParOldGen       total 68608K, used 51577K [0x0000000080000000, 0x0000000084300000, 0x00000000d5580000)
  object space 68608K, 75% used [0x0000000080000000,0x000000008325e5f8,0x0000000084300000)
 Metaspace       used 55690K, committed 57088K, reserved 1114112K
  class space    used 6054K, committed 6656K, reserved 1048576K
}

