# JRE version: OpenJDK Runtime Environment Temurin-21.0.8+9 (21.0.8+9) (build 21.0.8+9-LTS)
# Java VM: OpenJDK 64-Bit Server VM Temurin-21.0.8+9 (21.0.8+9-LTS, mixed mode, sharing, tiered, compressed oops, compressed class ptrs, parallel gc, windows-amd64)
GC Precious Log:
 CardTable entry size: 512
 CPUs: 12 total, 12 available
 Memory: 5845M
 Large Page Support: Disabled
 NUMA Support: Disabled
 Compressed Oops: Enabled (32-bit)
 Alignments: Space 512K, Generation 512K, Heap 2M
 Heap Min Capacity: 100M
 Heap Initial Capacity: 100M
 Heap Max Capacity: 2G
 Pre-touch: Disabled
 Parallel Workers: 10
Heap:
 PSYoungGen      total 16384K, used 4213K [0x00000000d5580000, 0x00000000d6800000, 0x0000000100000000)
  eden space 14336K, 16% used [0x00000000d5580000,0x00000000d57c6758,0x00000000d6380000)
  from space 2048K, 91% used [0x00000000d6500000,0x00000000d66d6fb8,0x00000000d6700000)
  to   space 1024K, 0% used [0x00000000d6700000,0x00000000d6700000,0x00000000d6800000)
 ParOldGen       total 74240K, used 74076K [0x0000000080000000, 0x0000000084880000, 0x00000000d5580000)
  object space 74240K, 99% used [0x0000000080000000,0x0000000084857380,0x0000000084880000)
 Metaspace       used 62167K, committed 63744K, reserved 1114112K
  class space    used 6597K, committed 7296K, reserved 1048576K
GC Heap History (20 events):
Event: 16.367 GC heap before
{Heap before GC invocations=69 (full 3):
 PSYoungGen      total 15872K, used 15851K [0x00000000d5580000, 0x00000000d6700000, 0x0000000100000000)
  eden space 14848K, 100% used [0x00000000d5580000,0x00000000d6400000,0x00000000d6400000)
  from space 1024K, 97% used [0x00000000d6480000,0x00000000d657ac68,0x00000000d6580000)
  to   space 1536K, 0% used [0x00000000d6580000,0x00000000d6580000,0x00000000d6700000)
 ParOldGen       total 68608K, used 63833K [0x0000000080000000, 0x0000000084300000, 0x00000000d5580000)
  object space 68608K, 93% used [0x0000000080000000,0x0000000083e56678,0x0000000084300000)
 Metaspace       used 58917K, committed 60480K, reserved 1114112K
  class space    used 6329K, committed 7040K, reserved 1048576K
}
Event: 16.370 GC heap after
{Heap after GC invocations=69 (full 3):
 PSYoungGen      total 15872K, used 1468K [0x00000000d5580000, 0x00000000d6800000, 0x0000000100000000)
  eden space 14336K, 0% used [0x00000000d5580000,0x00000000d5580000,0x00000000d6380000)
  from space 1536K, 95% used [0x00000000d6580000,0x00000000d66ef0a0,0x00000000d6700000)
  to   space 2048K, 0% used [0x00000000d6380000,0x00000000d6380000,0x00000000d6580000)
 ParOldGen       total 68608K, used 64618K [0x0000000080000000, 0x0000000084300000, 0x00000000d5580000)
  object space 68608K, 94% used [0x0000000080000000,0x0000000083f1aa20,0x0000000084300000)
 Metaspace       used 58917K, committed 60480K, reserved 1114112K
  class space    used 6329K, committed 7040K, reserved 1048576K
}
Event: 16.420 GC heap before
{Heap before GC invocations=70 (full 3):
 PSYoungGen      total 15872K, used 15804K [0x00000000d5580000, 0x00000000d6800000, 0x0000000100000000)
  eden space 14336K, 100% used [0x00000000d5580000,0x00000000d6380000,0x00000000d6380000)
  from space 1536K, 95% used [0x00000000d6580000,0x00000000d66ef0a0,0x00000000d6700000)
  to   space 2048K, 0% used [0x00000000d6380000,0x00000000d6380000,0x00000000d6580000)
 ParOldGen       total 68608K, used 64618K [0x0000000080000000, 0x0000000084300000, 0x00000000d5580000)
  object space 68608K, 94% used [0x0000000080000000,0x0000000083f1aa20,0x0000000084300000)
 Metaspace       used 58932K, committed 60480K, reserved 1114112K
  class space    used 6329K, committed 7040K, reserved 1048576K
}
Event: 16.423 GC heap after
{Heap after GC invocations=70 (full 3):
 PSYoungGen      total 15360K, used 703K [0x00000000d5580000, 0x00000000d6600000, 0x0000000100000000)
  eden space 14336K, 0% used [0x00000000d5580000,0x00000000d5580000,0x00000000d6380000)
  from space 1024K, 68% used [0x00000000d6380000,0x00000000d642fc90,0x00000000d6480000)
  to   space 1024K, 0% used [0x00000000d6500000,0x00000000d6500000,0x00000000d6600000)
 ParOldGen       total 68608K, used 65975K [0x0000000080000000, 0x0000000084300000, 0x00000000d5580000)
  object space 68608K, 96% used [0x0000000080000000,0x000000008406dda8,0x0000000084300000)
 Metaspace       used 58932K, committed 60480K, reserved 1114112K
  class space    used 6329K, committed 7040K, reserved 1048576K
}
Event: 16.479 GC heap before
{Heap before GC invocations=71 (full 3):
 PSYoungGen      total 15360K, used 15039K [0x00000000d5580000, 0x00000000d6600000, 0x0000000100000000)
  eden space 14336K, 100% used [0x00000000d5580000,0x00000000d6380000,0x00000000d6380000)
  from space 1024K, 68% used [0x00000000d6380000,0x00000000d642fc90,0x00000000d6480000)
  to   space 1024K, 0% used [0x00000000d6500000,0x00000000d6500000,0x00000000d6600000)
 ParOldGen       total 68608K, used 65975K [0x0000000080000000, 0x0000000084300000, 0x00000000d5580000)
  object space 68608K, 96% used [0x0000000080000000,0x000000008406dda8,0x0000000084300000)
 Metaspace       used 59044K, committed 60608K, reserved 1114112K
  class space    used 6335K, committed 7040K, reserved 1048576K
}
Event: 16.481 GC heap after
{Heap after GC invocations=71 (full 3):
 PSYoungGen      total 15360K, used 528K [0x00000000d5580000, 0x00000000d6600000, 0x0000000100000000)
  eden space 14336K, 0% used [0x00000000d5580000,0x00000000d5580000,0x00000000d6380000)
  from space 1024K, 51% used [0x00000000d6500000,0x00000000d65841b0,0x00000000d6600000)
  to   space 1024K, 0% used [0x00000000d6380000,0x00000000d6380000,0x00000000d6480000)
 ParOldGen       total 68608K, used 66432K [0x0000000080000000, 0x0000000084300000, 0x00000000d5580000)
  object space 68608K, 96% used [0x0000000080000000,0x00000000840e0020,0x0000000084300000)
 Metaspace       used 59044K, committed 60608K, reserved 1114112K
  class space    used 6335K, committed 7040K, reserved 1048576K
}
Event: 16.774 GC heap before
{Heap before GC invocations=72 (full 3):
 PSYoungGen      total 15360K, used 14849K [0x00000000d5580000, 0x00000000d6600000, 0x0000000100000000)
  eden space 14336K, 99% used [0x00000000d5580000,0x00000000d637c3c0,0x00000000d6380000)
  from space 1024K, 51% used [0x00000000d6500000,0x00000000d65841b0,0x00000000d6600000)
  to   space 1024K, 0% used [0x00000000d6380000,0x00000000d6380000,0x00000000d6480000)
 ParOldGen       total 68608K, used 66432K [0x0000000080000000, 0x0000000084300000, 0x00000000d5580000)
  object space 68608K, 96% used [0x0000000080000000,0x00000000840e0020,0x0000000084300000)
 Metaspace       used 59909K, committed 61376K, reserved 1114112K
  class space    used 6432K, committed 7104K, reserved 1048576K
}
Event: 16.777 GC heap after
{Heap after GC invocations=72 (full 3):
 PSYoungGen      total 15360K, used 999K [0x00000000d5580000, 0x00000000d6780000, 0x0000000100000000)
  eden space 14336K, 0% used [0x00000000d5580000,0x00000000d5580000,0x00000000d6380000)
  from space 1024K, 97% used [0x00000000d6380000,0x00000000d6479e68,0x00000000d6480000)
  to   space 2048K, 0% used [0x00000000d6580000,0x00000000d6580000,0x00000000d6780000)
 ParOldGen       total 68608K, used 67028K [0x0000000080000000, 0x0000000084300000, 0x00000000d5580000)
  object space 68608K, 97% used [0x0000000080000000,0x0000000084175160,0x0000000084300000)
 Metaspace       used 59909K, committed 61376K, reserved 1114112K
  class space    used 6432K, committed 7104K, reserved 1048576K
}
Event: 16.903 GC heap before
{Heap before GC invocations=73 (full 3):
 PSYoungGen      total 15360K, used 15335K [0x00000000d5580000, 0x00000000d6780000, 0x0000000100000000)
  eden space 14336K, 100% used [0x00000000d5580000,0x00000000d6380000,0x00000000d6380000)
  from space 1024K, 97% used [0x00000000d6380000,0x00000000d6479e68,0x00000000d6480000)
  to   space 2048K, 0% used [0x00000000d6580000,0x00000000d6580000,0x00000000d6780000)
 ParOldGen       total 68608K, used 67028K [0x0000000080000000, 0x0000000084300000, 0x00000000d5580000)
  object space 68608K, 97% used [0x0000000080000000,0x0000000084175160,0x0000000084300000)
 Metaspace       used 60058K, committed 61632K, reserved 1114112K
  class space    used 6443K, committed 7168K, reserved 1048576K
}
Event: 16.905 GC heap after
{Heap after GC invocations=73 (full 3):
 PSYoungGen      total 15360K, used 608K [0x00000000d5580000, 0x00000000d6680000, 0x0000000100000000)
  eden space 14336K, 0% used [0x00000000d5580000,0x00000000d5580000,0x00000000d6380000)
  from space 1024K, 59% used [0x00000000d6580000,0x00000000d6618000,0x00000000d6680000)
  to   space 1024K, 0% used [0x00000000d6380000,0x00000000d6380000,0x00000000d6480000)
 ParOldGen       total 68608K, used 67981K [0x0000000080000000, 0x0000000084300000, 0x00000000d5580000)
  object space 68608K, 99% used [0x0000000080000000,0x00000000842634c0,0x0000000084300000)
 Metaspace       used 60058K, committed 61632K, reserved 1114112K
  class space    used 6443K, committed 7168K, reserved 1048576K
}
Event: 17.298 GC heap before
{Heap before GC invocations=74 (full 3):
 PSYoungGen      total 15360K, used 14944K [0x00000000d5580000, 0x00000000d6680000, 0x0000000100000000)
  eden space 14336K, 100% used [0x00000000d5580000,0x00000000d6380000,0x00000000d6380000)
  from space 1024K, 59% used [0x00000000d6580000,0x00000000d6618000,0x00000000d6680000)
  to   space 1024K, 0% used [0x00000000d6380000,0x00000000d6380000,0x00000000d6480000)
 ParOldGen       total 68608K, used 67981K [0x0000000080000000, 0x0000000084300000, 0x00000000d5580000)
  object space 68608K, 99% used [0x0000000080000000,0x00000000842634c0,0x0000000084300000)
 Metaspace       used 60703K, committed 62208K, reserved 1114112K
  class space    used 6496K, committed 7168K, reserved 1048576K
}
Event: 17.303 GC heap after
{Heap after GC invocations=74 (full 3):
 PSYoungGen      total 15360K, used 1013K [0x00000000d5580000, 0x00000000d6780000, 0x0000000100000000)
  eden space 14336K, 0% used [0x00000000d5580000,0x00000000d5580000,0x00000000d6380000)
  from space 1024K, 98% used [0x00000000d6380000,0x00000000d647d438,0x00000000d6480000)
  to   space 2048K, 0% used [0x00000000d6580000,0x00000000d6580000,0x00000000d6780000)
 ParOldGen       total 69120K, used 68757K [0x0000000080000000, 0x0000000084380000, 0x00000000d5580000)
  object space 69120K, 99% used [0x0000000080000000,0x00000000843256e0,0x0000000084380000)
 Metaspace       used 60703K, committed 62208K, reserved 1114112K
  class space    used 6496K, committed 7168K, reserved 1048576K
}
Event: 17.595 GC heap before
{Heap before GC invocations=75 (full 3):
 PSYoungGen      total 15360K, used 15349K [0x00000000d5580000, 0x00000000d6780000, 0x0000000100000000)
  eden space 14336K, 100% used [0x00000000d5580000,0x00000000d6380000,0x00000000d6380000)
  from space 1024K, 98% used [0x00000000d6380000,0x00000000d647d438,0x00000000d6480000)
  to   space 2048K, 0% used [0x00000000d6580000,0x00000000d6580000,0x00000000d6780000)
 ParOldGen       total 69120K, used 68757K [0x0000000080000000, 0x0000000084380000, 0x00000000d5580000)
  object space 69120K, 99% used [0x0000000080000000,0x00000000843256e0,0x0000000084380000)
 Metaspace       used 61584K, committed 63104K, reserved 1114112K
  class space    used 6584K, committed 7232K, reserved 1048576K
}
Event: 17.598 GC heap after
{Heap after GC invocations=75 (full 3):
 PSYoungGen      total 16384K, used 1560K [0x00000000d5580000, 0x00000000d6780000, 0x0000000100000000)
  eden space 14336K, 0% used [0x00000000d5580000,0x00000000d5580000,0x00000000d6380000)
  from space 2048K, 76% used [0x00000000d6580000,0x00000000d67063b0,0x00000000d6780000)
  to   space 2048K, 0% used [0x00000000d6380000,0x00000000d6380000,0x00000000d6580000)
 ParOldGen       total 70144K, used 69785K [0x0000000080000000, 0x0000000084480000, 0x00000000d5580000)
  object space 70144K, 99% used [0x0000000080000000,0x0000000084426488,0x0000000084480000)
 Metaspace       used 61584K, committed 63104K, reserved 1114112K
  class space    used 6584K, committed 7232K, reserved 1048576K
}
Event: 17.896 GC heap before
{Heap before GC invocations=76 (full 3):
 PSYoungGen      total 16384K, used 15896K [0x00000000d5580000, 0x00000000d6780000, 0x0000000100000000)
  eden space 14336K, 100% used [0x00000000d5580000,0x00000000d6380000,0x00000000d6380000)
  from space 2048K, 76% used [0x00000000d6580000,0x00000000d67063b0,0x00000000d6780000)
  to   space 2048K, 0% used [0x00000000d6380000,0x00000000d6380000,0x00000000d6580000)
 ParOldGen       total 70144K, used 69785K [0x0000000080000000, 0x0000000084480000, 0x00000000d5580000)
  object space 70144K, 99% used [0x0000000080000000,0x0000000084426488,0x0000000084480000)
 Metaspace       used 61894K, committed 63424K, reserved 1114112K
  class space    used 6595K, committed 7296K, reserved 1048576K
}
Event: 17.900 GC heap after
{Heap after GC invocations=76 (full 3):
 PSYoungGen      total 16384K, used 2028K [0x00000000d5580000, 0x00000000d6b80000, 0x0000000100000000)
  eden space 14336K, 0% used [0x00000000d5580000,0x00000000d5580000,0x00000000d6380000)
  from space 2048K, 99% used [0x00000000d6380000,0x00000000d657b348,0x00000000d6580000)
  to   space 4096K, 0% used [0x00000000d6780000,0x00000000d6780000,0x00000000d6b80000)
 ParOldGen       total 71680K, used 71214K [0x0000000080000000, 0x0000000084600000, 0x00000000d5580000)
  object space 71680K, 99% used [0x0000000080000000,0x000000008458bbf8,0x0000000084600000)
 Metaspace       used 61894K, committed 63424K, reserved 1114112K
  class space    used 6595K, committed 7296K, reserved 1048576K
}
Event: 18.119 GC heap before
{Heap before GC invocations=77 (full 3):
 PSYoungGen      total 16384K, used 16364K [0x00000000d5580000, 0x00000000d6b80000, 0x0000000100000000)
  eden space 14336K, 100% used [0x00000000d5580000,0x00000000d6380000,0x00000000d6380000)
  from space 2048K, 99% used [0x00000000d6380000,0x00000000d657b348,0x00000000d6580000)
  to   space 4096K, 0% used [0x00000000d6780000,0x00000000d6780000,0x00000000d6b80000)
 ParOldGen       total 71680K, used 71214K [0x0000000080000000, 0x0000000084600000, 0x00000000d5580000)
  object space 71680K, 99% used [0x0000000080000000,0x000000008458bbf8,0x0000000084600000)
 Metaspace       used 62021K, committed 63552K, reserved 1114112K
  class space    used 6596K, committed 7296K, reserved 1048576K
}
Event: 18.121 GC heap after
{Heap after GC invocations=77 (full 3):
 PSYoungGen      total 15872K, used 1080K [0x00000000d5580000, 0x00000000d6900000, 0x0000000100000000)
  eden space 14336K, 0% used [0x00000000d5580000,0x00000000d5580000,0x00000000d6380000)
  from space 1536K, 70% used [0x00000000d6780000,0x00000000d688e098,0x00000000d6900000)
  to   space 2048K, 0% used [0x00000000d6500000,0x00000000d6500000,0x00000000d6700000)
 ParOldGen       total 73216K, used 73185K [0x0000000080000000, 0x0000000084780000, 0x00000000d5580000)
  object space 73216K, 99% used [0x0000000080000000,0x00000000847784b8,0x0000000084780000)
 Metaspace       used 62021K, committed 63552K, reserved 1114112K
  class space    used 6596K, committed 7296K, reserved 1048576K
}
Event: 18.319 GC heap before
{Heap before GC invocations=78 (full 3):
 PSYoungGen      total 15872K, used 15416K [0x00000000d5580000, 0x00000000d6900000, 0x0000000100000000)
  eden space 14336K, 100% used [0x00000000d5580000,0x00000000d6380000,0x00000000d6380000)
  from space 1536K, 70% used [0x00000000d6780000,0x00000000d688e098,0x00000000d6900000)
  to   space 2048K, 0% used [0x00000000d6500000,0x00000000d6500000,0x00000000d6700000)
 ParOldGen       total 73216K, used 73185K [0x0000000080000000, 0x0000000084780000, 0x00000000d5580000)
  object space 73216K, 99% used [0x0000000080000000,0x00000000847784b8,0x0000000084780000)
 Metaspace       used 62144K, committed 63680K, reserved 1114112K
  class space    used 6597K, committed 7296K, reserved 1048576K
}
Event: 18.322 GC heap after
{Heap after GC invocations=78 (full 3):
 PSYoungGen      total 16384K, used 1883K [0x00000000d5580000, 0x00000000d6800000, 0x0000000100000000)
  eden space 14336K, 0% used [0x00000000d5580000,0x00000000d5580000,0x00000000d6380000)
  from space 2048K, 91% used [0x00000000d6500000,0x00000000d66d6fb8,0x00000000d6700000)
  to   space 1024K, 0% used [0x00000000d6700000,0x00000000d6700000,0x00000000d6800000)
 ParOldGen       total 74240K, used 74076K [0x0000000080000000, 0x0000000084880000, 0x00000000d5580000)
  object space 74240K, 99% used [0x0000000080000000,0x0000000084857380,0x0000000084880000)
 Metaspace       used 62144K, committed 63680K, reserved 1114112K
  class space    used 6597K, committed 7296K, reserved 1048576K
}

