# JRE version: OpenJDK Runtime Environment Temurin-21.0.8+9 (21.0.8+9) (build 21.0.8+9-LTS)
# Java VM: OpenJDK 64-Bit Server VM Temurin-21.0.8+9 (21.0.8+9-LTS, mixed mode, sharing, tiered, compressed oops, compressed class ptrs, parallel gc, windows-amd64)
GC Precious Log:
 CardTable entry size: 512
 CPUs: 12 total, 12 available
 Memory: 5845M
 Large Page Support: Disabled
 NUMA Support: Disabled
 Compressed Oops: Enabled (32-bit)
 Alignments: Space 512K, Generation 512K, Heap 2M
 Heap Min Capacity: 100M
 Heap Initial Capacity: 100M
 Heap Max Capacity: 2G
 Pre-touch: Disabled
 Parallel Workers: 10
Heap:
 PSYoungGen      total 18944K, used 5759K [0x00000000d5580000, 0x00000000d6a00000, 0x0000000100000000)
  eden space 16896K, 24% used [0x00000000d5580000,0x00000000d598a3b0,0x00000000d6600000)
  from space 2048K, 79% used [0x00000000d6600000,0x00000000d6795af8,0x00000000d6800000)
  to   space 2048K, 0% used [0x00000000d6800000,0x00000000d6800000,0x00000000d6a00000)
 ParOldGen       total 78848K, used 78506K [0x0000000080000000, 0x0000000084d00000, 0x00000000d5580000)
  object space 78848K, 99% used [0x0000000080000000,0x0000000084caa9e0,0x0000000084d00000)
 Metaspace       used 63633K, committed 65216K, reserved 1114112K
  class space    used 6732K, committed 7424K, reserved 1048576K
GC Heap History (20 events):
Event: 45.924 GC heap before
{Heap before GC invocations=71 (full 3):
 PSYoungGen      total 19968K, used 19456K [0x00000000d5580000, 0x00000000d6a80000, 0x0000000100000000)
  eden space 18432K, 100% used [0x00000000d5580000,0x00000000d6780000,0x00000000d6780000)
  from space 1536K, 66% used [0x00000000d6780000,0x00000000d6880000,0x00000000d6900000)
  to   space 1536K, 0% used [0x00000000d6900000,0x00000000d6900000,0x00000000d6a80000)
 ParOldGen       total 68608K, used 67780K [0x0000000080000000, 0x0000000084300000, 0x00000000d5580000)
  object space 68608K, 98% used [0x0000000080000000,0x00000000842311d8,0x0000000084300000)
 Metaspace       used 59914K, committed 61440K, reserved 1114112K
  class space    used 6403K, committed 7040K, reserved 1048576K
}
Event: 45.926 GC heap after
{Heap after GC invocations=71 (full 3):
 PSYoungGen      total 19456K, used 608K [0x00000000d5580000, 0x00000000d6a00000, 0x0000000100000000)
  eden space 18432K, 0% used [0x00000000d5580000,0x00000000d5580000,0x00000000d6780000)
  from space 1024K, 59% used [0x00000000d6900000,0x00000000d6998020,0x00000000d6a00000)
  to   space 1024K, 0% used [0x00000000d6800000,0x00000000d6800000,0x00000000d6900000)
 ParOldGen       total 69120K, used 68619K [0x0000000080000000, 0x0000000084380000, 0x00000000d5580000)
  object space 69120K, 99% used [0x0000000080000000,0x0000000084302c70,0x0000000084380000)
 Metaspace       used 59914K, committed 61440K, reserved 1114112K
  class space    used 6403K, committed 7040K, reserved 1048576K
}
Event: 46.067 GC heap before
{Heap before GC invocations=72 (full 3):
 PSYoungGen      total 19456K, used 19040K [0x00000000d5580000, 0x00000000d6a00000, 0x0000000100000000)
  eden space 18432K, 100% used [0x00000000d5580000,0x00000000d6780000,0x00000000d6780000)
  from space 1024K, 59% used [0x00000000d6900000,0x00000000d6998020,0x00000000d6a00000)
  to   space 1024K, 0% used [0x00000000d6800000,0x00000000d6800000,0x00000000d6900000)
 ParOldGen       total 69120K, used 68619K [0x0000000080000000, 0x0000000084380000, 0x00000000d5580000)
  object space 69120K, 99% used [0x0000000080000000,0x0000000084302c70,0x0000000084380000)
 Metaspace       used 59926K, committed 61504K, reserved 1114112K
  class space    used 6403K, committed 7040K, reserved 1048576K
}
Event: 46.071 GC heap after
{Heap after GC invocations=72 (full 3):
 PSYoungGen      total 19456K, used 572K [0x00000000d5580000, 0x00000000d6980000, 0x0000000100000000)
  eden space 18432K, 0% used [0x00000000d5580000,0x00000000d5580000,0x00000000d6780000)
  from space 1024K, 55% used [0x00000000d6800000,0x00000000d688f000,0x00000000d6900000)
  to   space 512K, 0% used [0x00000000d6900000,0x00000000d6900000,0x00000000d6980000)
 ParOldGen       total 69120K, used 69043K [0x0000000080000000, 0x0000000084380000, 0x00000000d5580000)
  object space 69120K, 99% used [0x0000000080000000,0x000000008436cc90,0x0000000084380000)
 Metaspace       used 59926K, committed 61504K, reserved 1114112K
  class space    used 6403K, committed 7040K, reserved 1048576K
}
Event: 46.109 GC heap before
{Heap before GC invocations=73 (full 3):
 PSYoungGen      total 19456K, used 18993K [0x00000000d5580000, 0x00000000d6980000, 0x0000000100000000)
  eden space 18432K, 99% used [0x00000000d5580000,0x00000000d677d6d8,0x00000000d6780000)
  from space 1024K, 55% used [0x00000000d6800000,0x00000000d688f000,0x00000000d6900000)
  to   space 512K, 0% used [0x00000000d6900000,0x00000000d6900000,0x00000000d6980000)
 ParOldGen       total 69120K, used 69043K [0x0000000080000000, 0x0000000084380000, 0x00000000d5580000)
  object space 69120K, 99% used [0x0000000080000000,0x000000008436cc90,0x0000000084380000)
 Metaspace       used 59941K, committed 61504K, reserved 1114112K
  class space    used 6406K, committed 7040K, reserved 1048576K
}
Event: 46.110 GC heap after
{Heap after GC invocations=73 (full 3):
 PSYoungGen      total 18944K, used 491K [0x00000000d5580000, 0x00000000d6a80000, 0x0000000100000000)
  eden space 18432K, 0% used [0x00000000d5580000,0x00000000d5580000,0x00000000d6780000)
  from space 512K, 96% used [0x00000000d6900000,0x00000000d697af50,0x00000000d6980000)
  to   space 1536K, 0% used [0x00000000d6780000,0x00000000d6780000,0x00000000d6900000)
 ParOldGen       total 69632K, used 69570K [0x0000000080000000, 0x0000000084400000, 0x00000000d5580000)
  object space 69632K, 99% used [0x0000000080000000,0x00000000843f09e0,0x0000000084400000)
 Metaspace       used 59941K, committed 61504K, reserved 1114112K
  class space    used 6406K, committed 7040K, reserved 1048576K
}
Event: 46.217 GC heap before
{Heap before GC invocations=74 (full 3):
 PSYoungGen      total 18944K, used 18923K [0x00000000d5580000, 0x00000000d6a80000, 0x0000000100000000)
  eden space 18432K, 100% used [0x00000000d5580000,0x00000000d6780000,0x00000000d6780000)
  from space 512K, 96% used [0x00000000d6900000,0x00000000d697af50,0x00000000d6980000)
  to   space 1536K, 0% used [0x00000000d6780000,0x00000000d6780000,0x00000000d6900000)
 ParOldGen       total 69632K, used 69570K [0x0000000080000000, 0x0000000084400000, 0x00000000d5580000)
  object space 69632K, 99% used [0x0000000080000000,0x00000000843f09e0,0x0000000084400000)
 Metaspace       used 60543K, committed 62080K, reserved 1114112K
  class space    used 6465K, committed 7104K, reserved 1048576K
}
Event: 46.219 GC heap after
{Heap after GC invocations=74 (full 3):
 PSYoungGen      total 19968K, used 1512K [0x00000000d5580000, 0x00000000d6c80000, 0x0000000100000000)
  eden space 18432K, 0% used [0x00000000d5580000,0x00000000d5580000,0x00000000d6780000)
  from space 1536K, 98% used [0x00000000d6780000,0x00000000d68fa130,0x00000000d6900000)
  to   space 2560K, 0% used [0x00000000d6a00000,0x00000000d6a00000,0x00000000d6c80000)
 ParOldGen       total 70656K, used 70181K [0x0000000080000000, 0x0000000084500000, 0x00000000d5580000)
  object space 70656K, 99% used [0x0000000080000000,0x00000000844897d8,0x0000000084500000)
 Metaspace       used 60543K, committed 62080K, reserved 1114112K
  class space    used 6465K, committed 7104K, reserved 1048576K
}
Event: 46.533 GC heap before
{Heap before GC invocations=75 (full 3):
 PSYoungGen      total 19968K, used 19921K [0x00000000d5580000, 0x00000000d6c80000, 0x0000000100000000)
  eden space 18432K, 99% used [0x00000000d5580000,0x00000000d677a418,0x00000000d6780000)
  from space 1536K, 98% used [0x00000000d6780000,0x00000000d68fa130,0x00000000d6900000)
  to   space 2560K, 0% used [0x00000000d6a00000,0x00000000d6a00000,0x00000000d6c80000)
 ParOldGen       total 70656K, used 70181K [0x0000000080000000, 0x0000000084500000, 0x00000000d5580000)
  object space 70656K, 99% used [0x0000000080000000,0x00000000844897d8,0x0000000084500000)
 Metaspace       used 61369K, committed 62976K, reserved 1114112K
  class space    used 6565K, committed 7232K, reserved 1048576K
}
Event: 46.537 GC heap after
{Heap after GC invocations=75 (full 3):
 PSYoungGen      total 20480K, used 1938K [0x00000000d5580000, 0x00000000d6c00000, 0x0000000100000000)
  eden space 18432K, 0% used [0x00000000d5580000,0x00000000d5580000,0x00000000d6780000)
  from space 2048K, 94% used [0x00000000d6a00000,0x00000000d6be48a8,0x00000000d6c00000)
  to   space 2048K, 0% used [0x00000000d6800000,0x00000000d6800000,0x00000000d6a00000)
 ParOldGen       total 71680K, used 71485K [0x0000000080000000, 0x0000000084600000, 0x00000000d5580000)
  object space 71680K, 99% used [0x0000000080000000,0x00000000845cf498,0x0000000084600000)
 Metaspace       used 61369K, committed 62976K, reserved 1114112K
  class space    used 6565K, committed 7232K, reserved 1048576K
}
Event: 46.748 GC heap before
{Heap before GC invocations=76 (full 3):
 PSYoungGen      total 20480K, used 20370K [0x00000000d5580000, 0x00000000d6c00000, 0x0000000100000000)
  eden space 18432K, 100% used [0x00000000d5580000,0x00000000d6780000,0x00000000d6780000)
  from space 2048K, 94% used [0x00000000d6a00000,0x00000000d6be48a8,0x00000000d6c00000)
  to   space 2048K, 0% used [0x00000000d6800000,0x00000000d6800000,0x00000000d6a00000)
 ParOldGen       total 71680K, used 71485K [0x0000000080000000, 0x0000000084600000, 0x00000000d5580000)
  object space 71680K, 99% used [0x0000000080000000,0x00000000845cf498,0x0000000084600000)
 Metaspace       used 61611K, committed 63168K, reserved 1114112K
  class space    used 6582K, committed 7232K, reserved 1048576K
}
Event: 46.751 GC heap after
{Heap after GC invocations=76 (full 3):
 PSYoungGen      total 19968K, used 1152K [0x00000000d5580000, 0x00000000d6a80000, 0x0000000100000000)
  eden space 18432K, 0% used [0x00000000d5580000,0x00000000d5580000,0x00000000d6780000)
  from space 1536K, 75% used [0x00000000d6800000,0x00000000d6920020,0x00000000d6980000)
  to   space 1024K, 0% used [0x00000000d6980000,0x00000000d6980000,0x00000000d6a80000)
 ParOldGen       total 73216K, used 72956K [0x0000000080000000, 0x0000000084780000, 0x00000000d5580000)
  object space 73216K, 99% used [0x0000000080000000,0x000000008473f318,0x0000000084780000)
 Metaspace       used 61611K, committed 63168K, reserved 1114112K
  class space    used 6582K, committed 7232K, reserved 1048576K
}
Event: 47.270 GC heap before
{Heap before GC invocations=77 (full 3):
 PSYoungGen      total 19968K, used 19584K [0x00000000d5580000, 0x00000000d6a80000, 0x0000000100000000)
  eden space 18432K, 100% used [0x00000000d5580000,0x00000000d6780000,0x00000000d6780000)
  from space 1536K, 75% used [0x00000000d6800000,0x00000000d6920020,0x00000000d6980000)
  to   space 1024K, 0% used [0x00000000d6980000,0x00000000d6980000,0x00000000d6a80000)
 ParOldGen       total 73216K, used 72956K [0x0000000080000000, 0x0000000084780000, 0x00000000d5580000)
  object space 73216K, 99% used [0x0000000080000000,0x000000008473f318,0x0000000084780000)
 Metaspace       used 62820K, committed 64384K, reserved 1114112K
  class space    used 6703K, committed 7360K, reserved 1048576K
}
Event: 47.272 GC heap after
{Heap after GC invocations=77 (full 3):
 PSYoungGen      total 17920K, used 1008K [0x00000000d5580000, 0x00000000d6e80000, 0x0000000100000000)
  eden space 16896K, 0% used [0x00000000d5580000,0x00000000d5580000,0x00000000d6600000)
  from space 1024K, 98% used [0x00000000d6980000,0x00000000d6a7c3f8,0x00000000d6a80000)
  to   space 3584K, 0% used [0x00000000d6600000,0x00000000d6600000,0x00000000d6980000)
 ParOldGen       total 75264K, used 74830K [0x0000000080000000, 0x0000000084980000, 0x00000000d5580000)
  object space 75264K, 99% used [0x0000000080000000,0x00000000849139d0,0x0000000084980000)
 Metaspace       used 62820K, committed 64384K, reserved 1114112K
  class space    used 6703K, committed 7360K, reserved 1048576K
}
Event: 47.443 GC heap before
{Heap before GC invocations=78 (full 3):
 PSYoungGen      total 17920K, used 17904K [0x00000000d5580000, 0x00000000d6e80000, 0x0000000100000000)
  eden space 16896K, 100% used [0x00000000d5580000,0x00000000d6600000,0x00000000d6600000)
  from space 1024K, 98% used [0x00000000d6980000,0x00000000d6a7c3f8,0x00000000d6a80000)
  to   space 3584K, 0% used [0x00000000d6600000,0x00000000d6600000,0x00000000d6980000)
 ParOldGen       total 75264K, used 74830K [0x0000000080000000, 0x0000000084980000, 0x00000000d5580000)
  object space 75264K, 99% used [0x0000000080000000,0x00000000849139d0,0x0000000084980000)
 Metaspace       used 63081K, committed 64704K, reserved 1114112K
  class space    used 6718K, committed 7360K, reserved 1048576K
}
Event: 47.446 GC heap after
{Heap after GC invocations=78 (full 3):
 PSYoungGen      total 18944K, used 1914K [0x00000000d5580000, 0x00000000d6b00000, 0x0000000100000000)
  eden space 16896K, 0% used [0x00000000d5580000,0x00000000d5580000,0x00000000d6600000)
  from space 2048K, 93% used [0x00000000d6600000,0x00000000d67de920,0x00000000d6800000)
  to   space 2560K, 0% used [0x00000000d6880000,0x00000000d6880000,0x00000000d6b00000)
 ParOldGen       total 76288K, used 76072K [0x0000000080000000, 0x0000000084a80000, 0x00000000d5580000)
  object space 76288K, 99% used [0x0000000080000000,0x0000000084a4a0d0,0x0000000084a80000)
 Metaspace       used 63081K, committed 64704K, reserved 1114112K
  class space    used 6718K, committed 7360K, reserved 1048576K
}
Event: 47.746 GC heap before
{Heap before GC invocations=79 (full 3):
 PSYoungGen      total 18944K, used 18704K [0x00000000d5580000, 0x00000000d6b00000, 0x0000000100000000)
  eden space 16896K, 99% used [0x00000000d5580000,0x00000000d65e5920,0x00000000d6600000)
  from space 2048K, 93% used [0x00000000d6600000,0x00000000d67de920,0x00000000d6800000)
  to   space 2560K, 0% used [0x00000000d6880000,0x00000000d6880000,0x00000000d6b00000)
 ParOldGen       total 76288K, used 76072K [0x0000000080000000, 0x0000000084a80000, 0x00000000d5580000)
  object space 76288K, 99% used [0x0000000080000000,0x0000000084a4a0d0,0x0000000084a80000)
 Metaspace       used 63438K, committed 65088K, reserved 1114112K
  class space    used 6730K, committed 7424K, reserved 1048576K
}
Event: 47.748 GC heap after
{Heap after GC invocations=79 (full 3):
 PSYoungGen      total 18432K, used 1303K [0x00000000d5580000, 0x00000000d6a00000, 0x0000000100000000)
  eden space 16896K, 0% used [0x00000000d5580000,0x00000000d5580000,0x00000000d6600000)
  from space 1536K, 84% used [0x00000000d6880000,0x00000000d69c5c38,0x00000000d6a00000)
  to   space 2048K, 0% used [0x00000000d6600000,0x00000000d6600000,0x00000000d6800000)
 ParOldGen       total 77824K, used 77784K [0x0000000080000000, 0x0000000084c00000, 0x00000000d5580000)
  object space 77824K, 99% used [0x0000000080000000,0x0000000084bf6390,0x0000000084c00000)
 Metaspace       used 63438K, committed 65088K, reserved 1114112K
  class space    used 6730K, committed 7424K, reserved 1048576K
}
Event: 47.991 GC heap before
{Heap before GC invocations=80 (full 3):
 PSYoungGen      total 18432K, used 18199K [0x00000000d5580000, 0x00000000d6a00000, 0x0000000100000000)
  eden space 16896K, 100% used [0x00000000d5580000,0x00000000d6600000,0x00000000d6600000)
  from space 1536K, 84% used [0x00000000d6880000,0x00000000d69c5c38,0x00000000d6a00000)
  to   space 2048K, 0% used [0x00000000d6600000,0x00000000d6600000,0x00000000d6800000)
 ParOldGen       total 77824K, used 77784K [0x0000000080000000, 0x0000000084c00000, 0x00000000d5580000)
  object space 77824K, 99% used [0x0000000080000000,0x0000000084bf6390,0x0000000084c00000)
 Metaspace       used 63559K, committed 65216K, reserved 1114112K
  class space    used 6731K, committed 7424K, reserved 1048576K
}
Event: 47.994 GC heap after
{Heap after GC invocations=80 (full 3):
 PSYoungGen      total 18944K, used 1622K [0x00000000d5580000, 0x00000000d6a00000, 0x0000000100000000)
  eden space 16896K, 0% used [0x00000000d5580000,0x00000000d5580000,0x00000000d6600000)
  from space 2048K, 79% used [0x00000000d6600000,0x00000000d6795af8,0x00000000d6800000)
  to   space 2048K, 0% used [0x00000000d6800000,0x00000000d6800000,0x00000000d6a00000)
 ParOldGen       total 78848K, used 78506K [0x0000000080000000, 0x0000000084d00000, 0x00000000d5580000)
  object space 78848K, 99% used [0x0000000080000000,0x0000000084caa9e0,0x0000000084d00000)
 Metaspace       used 63559K, committed 65216K, reserved 1114112K
  class space    used 6731K, committed 7424K, reserved 1048576K
}

